#
# There is insufficient memory for the Java Runtime Environment to continue.
# Native memory allocation (malloc) failed to allocate 264560 bytes for Chunk::new
# Possible reasons:
#   The system is out of physical RAM or swap space
#   In 32 bit mode, the process size limit was hit
# Possible solutions:
#   Reduce memory load on the system
#   Increase physical memory or swap space
#   Check if swap backing store is full
#   Use 64 bit Java on a 64 bit OS
#   Decrease Java heap size (-Xmx/-Xms)
#   Decrease number of Java threads
#   Decrease Java thread stack sizes (-Xss)
#   Set larger code cache with -XX:ReservedCodeCacheSize=
# This output file may be truncated or incomplete.
#
#  Out of Memory Error (allocation.cpp:390), pid=3860, tid=0x000000000000217c
#
# JRE version: Java(TM) SE Runtime Environment (8.0_181-b13) (build 1.8.0_181-b13)
# Java VM: Java HotSpot(TM) 64-Bit Server VM (25.181-b13 mixed mode windows-amd64 compressed oops)
# Failed to write core dump. Minidumps are not enabled by default on client versions of Windows
#

---------------  T H R E A D  ---------------

Current thread (0x00000000149db000):  JavaThread "C2 CompilerThread0" daemon [_thread_in_native, id=8572, stack(0x0000000015a20000,0x0000000015b20000)]

Stack: [0x0000000015a20000,0x0000000015b20000]
[error occurred during error reporting (printing stack bounds), id 0xc0000005]

Native frames: (J=compiled Java code, j=interpreted, Vv=VM code, C=native code)


Current CompileTask:
C2:60230930 3856   !   4       sun.net.spi.DefaultProxySelector$3::run (575 bytes)


---------------  P R O C E S S  ---------------

Java Threads: ( => current thread )
  0x0000000018309800 JavaThread "OkHttp ConnectionPool" daemon [_thread_blocked, id=32980, stack(0x0000000024600000,0x0000000024700000)]
  0x000000001830d000 JavaThread "Exec Stream Pumper" daemon [_thread_in_native, id=31516, stack(0x0000000024400000,0x0000000024500000)]
  0x0000000018305000 JavaThread "Exec Stream Pumper" daemon [_thread_in_native, id=27968, stack(0x0000000024300000,0x0000000024400000)]
  0x000000001830b000 JavaThread "UrlChecker-60" daemon [_thread_blocked, id=2420, stack(0x0000000023f00000,0x0000000024000000)]
  0x0000000018306800 JavaThread "Exec Default Executor" daemon [_thread_in_native, id=25660, stack(0x0000000023c00000,0x0000000023d00000)]
  0x000000001830b800 JavaThread "Exec Stream Pumper" daemon [_thread_in_native, id=32988, stack(0x0000000024100000,0x0000000024200000)]
  0x0000000018308800 JavaThread "Exec Stream Pumper" daemon [_thread_in_native, id=28280, stack(0x0000000024000000,0x0000000024100000)]
  0x0000000018304000 JavaThread "Exec Default Executor" daemon [_thread_in_native, id=33608, stack(0x0000000023900000,0x0000000023a00000)]
  0x0000000018303800 JavaThread "Exec Stream Pumper" daemon [_thread_in_native, id=32916, stack(0x0000000023e00000,0x0000000023f00000)]
  0x0000000018305800 JavaThread "Exec Stream Pumper" daemon [_thread_in_native, id=33536, stack(0x0000000023d00000,0x0000000023e00000)]
  0x0000000016d51800 JavaThread "Exec Default Executor" daemon [_thread_in_native, id=32744, stack(0x0000000023600000,0x0000000023700000)]
  0x0000000016d4c000 JavaThread "Exec Stream Pumper" daemon [_thread_in_native, id=31604, stack(0x0000000023b00000,0x0000000023c00000)]
  0x0000000016d4b800 JavaThread "Exec Stream Pumper" daemon [_thread_in_native, id=31612, stack(0x0000000023a00000,0x0000000023b00000)]
  0x0000000016d50800 JavaThread "Exec Default Executor" daemon [_thread_in_native, id=26584, stack(0x0000000023300000,0x0000000023400000)]
  0x0000000016d4f000 JavaThread "Exec Stream Pumper" daemon [_thread_in_native, id=32244, stack(0x0000000023800000,0x0000000023900000)]
  0x0000000016d50000 JavaThread "Exec Stream Pumper" daemon [_thread_in_native, id=29268, stack(0x0000000023700000,0x0000000023800000)]
  0x0000000016d4d800 JavaThread "Exec Default Executor" daemon [_thread_in_native, id=26004, stack(0x0000000023000000,0x0000000023100000)]
  0x0000000016d4a800 JavaThread "Exec Stream Pumper" daemon [_thread_in_native, id=32476, stack(0x0000000023500000,0x0000000023600000)]
  0x0000000016d4d000 JavaThread "Exec Stream Pumper" daemon [_thread_in_native, id=28424, stack(0x0000000023400000,0x0000000023500000)]
  0x0000000016d4e800 JavaThread "Exec Default Executor" daemon [_thread_in_native, id=32292, stack(0x0000000022d00000,0x0000000022e00000)]
  0x0000000016d44000 JavaThread "Exec Stream Pumper" daemon [_thread_in_native, id=28996, stack(0x0000000023200000,0x0000000023300000)]
  0x0000000016d47800 JavaThread "Exec Stream Pumper" daemon [_thread_in_native, id=31732, stack(0x0000000023100000,0x0000000023200000)]
  0x0000000016d4a000 JavaThread "Exec Default Executor" daemon [_thread_in_native, id=25140, stack(0x0000000022a00000,0x0000000022b00000)]
  0x0000000016d43000 JavaThread "Exec Stream Pumper" daemon [_thread_in_native, id=26696, stack(0x0000000022f00000,0x0000000023000000)]
  0x0000000016d48800 JavaThread "Exec Stream Pumper" daemon [_thread_in_native, id=26488, stack(0x0000000022e00000,0x0000000022f00000)]
  0x0000000016d49000 JavaThread "Exec Default Executor" daemon [_thread_in_native, id=25200, stack(0x0000000021730000,0x0000000021830000)]
  0x0000000016d47000 JavaThread "Exec Stream Pumper" daemon [_thread_in_native, id=29936, stack(0x0000000022c00000,0x0000000022d00000)]
  0x0000000016d45800 JavaThread "Exec Stream Pumper" daemon [_thread_in_native, id=29208, stack(0x0000000022b00000,0x0000000022c00000)]
  0x0000000016d44800 JavaThread "Exec Default Executor" daemon [_thread_in_native, id=30240, stack(0x0000000021430000,0x0000000021530000)]
  0x0000000016d42800 JavaThread "Exec Stream Pumper" daemon [_thread_in_native, id=12180, stack(0x0000000022900000,0x0000000022a00000)]
  0x0000000016d46000 JavaThread "Exec Stream Pumper" daemon [_thread_in_native, id=27196, stack(0x0000000021830000,0x0000000021930000)]
  0x00000000184eb000 JavaThread "Exec Default Executor" daemon [_thread_in_native, id=28840, stack(0x0000000021130000,0x0000000021230000)]
  0x00000000184ec000 JavaThread "Exec Stream Pumper" daemon [_thread_in_native, id=25596, stack(0x0000000021630000,0x0000000021730000)]
  0x00000000184ee000 JavaThread "Exec Stream Pumper" daemon [_thread_in_native, id=29032, stack(0x0000000021530000,0x0000000021630000)]
  0x00000000184f0800 JavaThread "Exec Default Executor" daemon [_thread_in_native, id=29596, stack(0x0000000020e30000,0x0000000020f30000)]
  0x00000000184ed800 JavaThread "Exec Stream Pumper" daemon [_thread_in_native, id=20512, stack(0x0000000021330000,0x0000000021430000)]
  0x00000000184e8000 JavaThread "Exec Stream Pumper" daemon [_thread_in_native, id=27116, stack(0x0000000021230000,0x0000000021330000)]
  0x00000000184ea800 JavaThread "Exec Default Executor" daemon [_thread_in_native, id=30512, stack(0x0000000020b30000,0x0000000020c30000)]
  0x00000000184ef800 JavaThread "Exec Stream Pumper" daemon [_thread_in_native, id=26268, stack(0x0000000021030000,0x0000000021130000)]
  0x00000000184ec800 JavaThread "Exec Stream Pumper" daemon [_thread_in_native, id=24472, stack(0x0000000020f30000,0x0000000021030000)]
  0x00000000184ef000 JavaThread "Exec Default Executor" daemon [_thread_in_native, id=29056, stack(0x0000000020830000,0x0000000020930000)]
  0x00000000184e3000 JavaThread "Exec Stream Pumper" daemon [_thread_in_native, id=27096, stack(0x0000000020d30000,0x0000000020e30000)]
  0x00000000184e9800 JavaThread "Exec Stream Pumper" daemon [_thread_in_native, id=29104, stack(0x0000000020c30000,0x0000000020d30000)]
  0x00000000184e6000 JavaThread "Exec Default Executor" daemon [_thread_in_native, id=29288, stack(0x0000000020530000,0x0000000020630000)]
  0x00000000184e7800 JavaThread "Exec Stream Pumper" daemon [_thread_in_native, id=24016, stack(0x0000000020a30000,0x0000000020b30000)]
  0x00000000184e9000 JavaThread "Exec Stream Pumper" daemon [_thread_in_native, id=27176, stack(0x0000000020930000,0x0000000020a30000)]
  0x00000000184e1800 JavaThread "Exec Default Executor" daemon [_thread_in_native, id=25440, stack(0x0000000020230000,0x0000000020330000)]
  0x00000000184e5000 JavaThread "Exec Stream Pumper" daemon [_thread_in_native, id=27216, stack(0x0000000020730000,0x0000000020830000)]
  0x00000000184e3800 JavaThread "Exec Stream Pumper" daemon [_thread_in_native, id=28284, stack(0x0000000020630000,0x0000000020730000)]
  0x00000000184e4800 JavaThread "Exec Default Executor" daemon [_thread_in_native, id=28564, stack(0x000000001ff30000,0x0000000020030000)]
  0x00000000184e2000 JavaThread "Exec Stream Pumper" daemon [_thread_in_native, id=27480, stack(0x0000000020430000,0x0000000020530000)]
  0x00000000184e6800 JavaThread "Exec Stream Pumper" daemon [_thread_in_native, id=26640, stack(0x0000000020330000,0x0000000020430000)]
  0x0000000016acf000 JavaThread "Exec Default Executor" daemon [_thread_in_native, id=25132, stack(0x000000001fc30000,0x000000001fd30000)]
  0x0000000016ad0800 JavaThread "Exec Stream Pumper" daemon [_thread_in_native, id=25428, stack(0x0000000020130000,0x0000000020230000)]
  0x0000000016acf800 JavaThread "Exec Stream Pumper" daemon [_thread_in_native, id=26572, stack(0x0000000020030000,0x0000000020130000)]
  0x0000000016ad2800 JavaThread "Exec Default Executor" daemon [_thread_in_native, id=24400, stack(0x000000001f930000,0x000000001fa30000)]
  0x0000000016ace000 JavaThread "Exec Stream Pumper" daemon [_thread_in_native, id=25404, stack(0x000000001fe30000,0x000000001ff30000)]
  0x0000000016ad2000 JavaThread "Exec Stream Pumper" daemon [_thread_in_native, id=10624, stack(0x000000001fd30000,0x000000001fe30000)]
  0x0000000016ad4000 JavaThread "Exec Default Executor" daemon [_thread_in_native, id=24268, stack(0x000000001f630000,0x000000001f730000)]
  0x0000000016ad3800 JavaThread "Exec Stream Pumper" daemon [_thread_in_native, id=24240, stack(0x000000001fb30000,0x000000001fc30000)]
  0x0000000016acd800 JavaThread "Exec Stream Pumper" daemon [_thread_in_native, id=26300, stack(0x000000001fa30000,0x000000001fb30000)]
  0x0000000016ac5000 JavaThread "Exec Default Executor" daemon [_thread_in_native, id=26396, stack(0x000000001f330000,0x000000001f430000)]
  0x0000000016acc800 JavaThread "Exec Stream Pumper" daemon [_thread_in_native, id=24128, stack(0x000000001f830000,0x000000001f930000)]
  0x0000000016ad1000 JavaThread "Exec Stream Pumper" daemon [_thread_in_native, id=25240, stack(0x000000001f730000,0x000000001f830000)]
  0x0000000016acb000 JavaThread "Exec Default Executor" daemon [_thread_in_native, id=1968, stack(0x000000001f030000,0x000000001f130000)]
  0x0000000016ac6000 JavaThread "Exec Stream Pumper" daemon [_thread_in_native, id=20968, stack(0x000000001f530000,0x000000001f630000)]
  0x0000000016acc000 JavaThread "Exec Stream Pumper" daemon [_thread_in_native, id=22196, stack(0x000000001f430000,0x000000001f530000)]
  0x0000000016ac9000 JavaThread "Exec Default Executor" daemon [_thread_in_native, id=24996, stack(0x000000001ed30000,0x000000001ee30000)]
  0x0000000016aca800 JavaThread "Exec Stream Pumper" daemon [_thread_in_native, id=21856, stack(0x000000001f230000,0x000000001f330000)]
  0x0000000016ac9800 JavaThread "Exec Stream Pumper" daemon [_thread_in_native, id=21500, stack(0x000000001f130000,0x000000001f230000)]
  0x0000000016ac7800 JavaThread "Exec Default Executor" daemon [_thread_in_native, id=17092, stack(0x000000001ea30000,0x000000001eb30000)]
  0x0000000016ac8000 JavaThread "Exec Stream Pumper" daemon [_thread_in_native, id=19924, stack(0x000000001ef30000,0x000000001f030000)]
  0x0000000016ac6800 JavaThread "Exec Stream Pumper" daemon [_thread_in_native, id=18620, stack(0x000000001ee30000,0x000000001ef30000)]
  0x0000000015fe5800 JavaThread "Exec Default Executor" daemon [_thread_in_native, id=24012, stack(0x000000001e730000,0x000000001e830000)]
  0x0000000015fe7000 JavaThread "Exec Stream Pumper" daemon [_thread_in_native, id=23104, stack(0x000000001ec30000,0x000000001ed30000)]
  0x0000000015fe6000 JavaThread "Exec Stream Pumper" daemon [_thread_in_native, id=18596, stack(0x000000001eb30000,0x000000001ec30000)]
  0x0000000015fdc800 JavaThread "Exec Default Executor" daemon [_thread_in_native, id=22780, stack(0x000000001e430000,0x000000001e530000)]
  0x0000000015fe4800 JavaThread "Exec Stream Pumper" daemon [_thread_in_native, id=23028, stack(0x000000001e930000,0x000000001ea30000)]
  0x0000000015fe4000 JavaThread "Exec Stream Pumper" daemon [_thread_in_native, id=17524, stack(0x000000001e830000,0x000000001e930000)]
  0x0000000015fe1800 JavaThread "Exec Default Executor" daemon [_thread_in_native, id=18120, stack(0x000000001e130000,0x000000001e230000)]
  0x0000000015fe3000 JavaThread "Exec Stream Pumper" daemon [_thread_in_native, id=22260, stack(0x000000001e630000,0x000000001e730000)]
  0x0000000015fdb800 JavaThread "Exec Stream Pumper" daemon [_thread_in_native, id=9556, stack(0x000000001e530000,0x000000001e630000)]
  0x0000000015fdf800 JavaThread "Exec Default Executor" daemon [_thread_in_native, id=22380, stack(0x000000001de30000,0x000000001df30000)]
  0x0000000015fe1000 JavaThread "Exec Stream Pumper" daemon [_thread_in_native, id=21296, stack(0x000000001e330000,0x000000001e430000)]
  0x0000000015fe0000 JavaThread "Exec Stream Pumper" daemon [_thread_in_native, id=21592, stack(0x000000001e230000,0x000000001e330000)]
  0x0000000015fdd000 JavaThread "Exec Default Executor" daemon [_thread_in_native, id=12404, stack(0x000000001db30000,0x000000001dc30000)]
  0x0000000015fde800 JavaThread "Exec Stream Pumper" daemon [_thread_in_native, id=21752, stack(0x000000001e030000,0x000000001e130000)]
  0x0000000015fe2800 JavaThread "Exec Stream Pumper" daemon [_thread_in_native, id=18412, stack(0x000000001df30000,0x000000001e030000)]
  0x0000000015fd8800 JavaThread "Exec Default Executor" daemon [_thread_in_native, id=21604, stack(0x000000001d830000,0x000000001d930000)]
  0x0000000015fd8000 JavaThread "Exec Stream Pumper" daemon [_thread_in_native, id=22444, stack(0x000000001dd30000,0x000000001de30000)]
  0x0000000015fdb000 JavaThread "Exec Stream Pumper" daemon [_thread_in_native, id=22424, stack(0x000000001dc30000,0x000000001dd30000)]
  0x0000000015fd9800 JavaThread "Exec Default Executor" daemon [_thread_in_native, id=21948, stack(0x000000001d530000,0x000000001d630000)]
  0x0000000015fda000 JavaThread "Exec Stream Pumper" daemon [_thread_in_native, id=16032, stack(0x000000001da30000,0x000000001db30000)]
  0x0000000015fde000 JavaThread "Exec Stream Pumper" daemon [_thread_in_native, id=19740, stack(0x000000001d930000,0x000000001da30000)]
  0x0000000015f55000 JavaThread "Exec Default Executor" daemon [_thread_in_native, id=21348, stack(0x000000001d230000,0x000000001d330000)]
  0x0000000015f57800 JavaThread "Exec Stream Pumper" daemon [_thread_in_native, id=16300, stack(0x000000001d730000,0x000000001d830000)]
  0x0000000015f56000 JavaThread "Exec Stream Pumper" daemon [_thread_in_native, id=18328, stack(0x000000001d630000,0x000000001d730000)]
  0x0000000015f54800 JavaThread "Exec Default Executor" daemon [_thread_in_native, id=10916, stack(0x000000001cf30000,0x000000001d030000)]
  0x0000000015f59800 JavaThread "Exec Stream Pumper" daemon [_thread_in_native, id=19372, stack(0x000000001d430000,0x000000001d530000)]
  0x0000000015f59000 JavaThread "Exec Stream Pumper" daemon [_thread_in_native, id=18672, stack(0x000000001d330000,0x000000001d430000)]
  0x0000000015f4a800 JavaThread "Exec Default Executor" daemon [_thread_in_native, id=17580, stack(0x000000001cc30000,0x000000001cd30000)]
  0x0000000015f58000 JavaThread "Exec Stream Pumper" daemon [_thread_in_native, id=19244, stack(0x000000001d130000,0x000000001d230000)]
  0x0000000015f56800 JavaThread "Exec Stream Pumper" daemon [_thread_in_native, id=18284, stack(0x000000001d030000,0x000000001d130000)]
  0x0000000015f4d800 JavaThread "Exec Default Executor" daemon [_thread_in_native, id=15716, stack(0x000000001c730000,0x000000001c830000)]
  0x0000000015f53800 JavaThread "Exec Stream Pumper" daemon [_thread_in_native, id=17892, stack(0x000000001ce30000,0x000000001cf30000)]
  0x0000000015f53000 JavaThread "Exec Stream Pumper" daemon [_thread_in_native, id=17824, stack(0x000000001cd30000,0x000000001ce30000)]
  0x0000000015f4c000 JavaThread "Exec Default Executor" daemon [_thread_in_native, id=14796, stack(0x000000001c430000,0x000000001c530000)]
  0x0000000015f4b800 JavaThread "Exec Stream Pumper" daemon [_thread_in_native, id=17532, stack(0x000000001cb30000,0x000000001cc30000)]
  0x0000000015f52000 JavaThread "Exec Stream Pumper" daemon [_thread_in_native, id=9656, stack(0x000000001c830000,0x000000001c930000)]
  0x0000000015f4e800 JavaThread "Exec Default Executor" daemon [_thread_in_native, id=15476, stack(0x000000001c130000,0x000000001c230000)]
  0x0000000015f50800 JavaThread "Exec Stream Pumper" daemon [_thread_in_native, id=15960, stack(0x000000001c630000,0x000000001c730000)]
  0x0000000015f4d000 JavaThread "Exec Stream Pumper" daemon [_thread_in_native, id=18252, stack(0x000000001c530000,0x000000001c630000)]
  0x0000000015f51800 JavaThread "Exec Default Executor" daemon [_thread_in_native, id=17988, stack(0x000000001be30000,0x000000001bf30000)]
  0x0000000015f50000 JavaThread "Exec Stream Pumper" daemon [_thread_in_native, id=17176, stack(0x000000001c330000,0x000000001c430000)]
  0x0000000015f4f000 JavaThread "Exec Stream Pumper" daemon [_thread_in_native, id=17048, stack(0x000000001c230000,0x000000001c330000)]
  0x00000000160af800 JavaThread "Exec Default Executor" daemon [_thread_in_native, id=17332, stack(0x000000001bb30000,0x000000001bc30000)]
  0x00000000160b3800 JavaThread "Exec Stream Pumper" daemon [_thread_in_native, id=14304, stack(0x000000001c030000,0x000000001c130000)]
  0x00000000160ac000 JavaThread "Exec Stream Pumper" daemon [_thread_in_native, id=8748, stack(0x000000001bf30000,0x000000001c030000)]
  0x00000000160af000 JavaThread "Exec Default Executor" daemon [_thread_in_native, id=16080, stack(0x000000001b830000,0x000000001b930000)]
  0x00000000160b2000 JavaThread "Exec Stream Pumper" daemon [_thread_in_native, id=17404, stack(0x000000001bd30000,0x000000001be30000)]
  0x00000000160b1000 JavaThread "Exec Stream Pumper" daemon [_thread_in_native, id=16056, stack(0x000000001bc30000,0x000000001bd30000)]
  0x00000000160ad800 JavaThread "Exec Default Executor" daemon [_thread_in_native, id=15220, stack(0x000000001b530000,0x000000001b630000)]
  0x00000000160b2800 JavaThread "Exec Stream Pumper" daemon [_thread_in_native, id=15508, stack(0x000000001ba30000,0x000000001bb30000)]
  0x00000000160ae000 JavaThread "Exec Stream Pumper" daemon [_thread_in_native, id=12748, stack(0x000000001b930000,0x000000001ba30000)]
  0x00000000160b0800 JavaThread "Exec Default Executor" daemon [_thread_in_native, id=15152, stack(0x000000001b230000,0x000000001b330000)]
  0x00000000160a5800 JavaThread "Exec Stream Pumper" daemon [_thread_in_native, id=1920, stack(0x000000001b730000,0x000000001b830000)]
  0x00000000160ac800 JavaThread "Exec Stream Pumper" daemon [_thread_in_native, id=15964, stack(0x000000001b630000,0x000000001b730000)]
  0x00000000160a8000 JavaThread "Exec Default Executor" daemon [_thread_in_native, id=13392, stack(0x000000001af30000,0x000000001b030000)]
  0x00000000160a7000 JavaThread "Exec Stream Pumper" daemon [_thread_in_native, id=9588, stack(0x000000001b430000,0x000000001b530000)]
  0x00000000160ab000 JavaThread "Exec Stream Pumper" daemon [_thread_in_native, id=15092, stack(0x000000001b330000,0x000000001b430000)]
  0x00000000160a9800 JavaThread "Exec Default Executor" daemon [_thread_in_native, id=13820, stack(0x000000001ac30000,0x000000001ad30000)]
  0x00000000160a6800 JavaThread "Exec Stream Pumper" daemon [_thread_in_native, id=15344, stack(0x000000001b130000,0x000000001b230000)]
  0x00000000160a4000 JavaThread "Exec Stream Pumper" daemon [_thread_in_native, id=15300, stack(0x000000001b030000,0x000000001b130000)]
  0x00000000160aa800 JavaThread "Exec Default Executor" daemon [_thread_in_native, id=9240, stack(0x000000001a930000,0x000000001aa30000)]
  0x00000000160a9000 JavaThread "Exec Stream Pumper" daemon [_thread_in_native, id=14160, stack(0x000000001ae30000,0x000000001af30000)]
  0x00000000160a5000 JavaThread "Exec Stream Pumper" daemon [_thread_in_native, id=11304, stack(0x000000001ad30000,0x000000001ae30000)]
  0x000000001600f800 JavaThread "Exec Default Executor" daemon [_thread_in_native, id=6796, stack(0x000000001a630000,0x000000001a730000)]
  0x0000000016012000 JavaThread "Exec Stream Pumper" daemon [_thread_in_native, id=13340, stack(0x000000001ab30000,0x000000001ac30000)]
  0x0000000016010800 JavaThread "Exec Stream Pumper" daemon [_thread_in_native, id=8328, stack(0x000000001aa30000,0x000000001ab30000)]
  0x000000001600d800 JavaThread "Exec Default Executor" daemon [_thread_in_native, id=3612, stack(0x000000001a330000,0x000000001a430000)]
  0x000000001600e000 JavaThread "Exec Stream Pumper" daemon [_thread_in_native, id=12192, stack(0x000000001a830000,0x000000001a930000)]
  0x000000001600f000 JavaThread "Exec Stream Pumper" daemon [_thread_in_native, id=13916, stack(0x000000001a730000,0x000000001a830000)]
  0x000000001600c800 JavaThread "Exec Default Executor" daemon [_thread_in_native, id=7008, stack(0x000000001a030000,0x000000001a130000)]
  0x0000000016011000 JavaThread "Exec Stream Pumper" daemon [_thread_in_native, id=1844, stack(0x000000001a530000,0x000000001a630000)]
  0x0000000016006000 JavaThread "Exec Stream Pumper" daemon [_thread_in_native, id=13900, stack(0x000000001a430000,0x000000001a530000)]
  0x0000000016004800 JavaThread "Exec Default Executor" daemon [_thread_in_native, id=13400, stack(0x0000000019d30000,0x0000000019e30000)]
  0x000000001600c000 JavaThread "Exec Stream Pumper" daemon [_thread_in_native, id=13196, stack(0x000000001a230000,0x000000001a330000)]
  0x000000001600a800 JavaThread "Exec Stream Pumper" daemon [_thread_in_native, id=12292, stack(0x000000001a130000,0x000000001a230000)]
  0x0000000016005000 JavaThread "Exec Default Executor" daemon [_thread_in_native, id=12524, stack(0x0000000019a30000,0x0000000019b30000)]
  0x000000001600b000 JavaThread "Exec Stream Pumper" daemon [_thread_in_native, id=7836, stack(0x0000000019f30000,0x000000001a030000)]
  0x0000000016003800 JavaThread "Exec Stream Pumper" daemon [_thread_in_native, id=9504, stack(0x0000000019e30000,0x0000000019f30000)]
  0x0000000016009800 JavaThread "Exec Default Executor" daemon [_thread_in_native, id=12856, stack(0x0000000019730000,0x0000000019830000)]
  0x0000000016008000 JavaThread "Exec Stream Pumper" daemon [_thread_in_native, id=12184, stack(0x0000000019c30000,0x0000000019d30000)]
  0x0000000016007800 JavaThread "Exec Stream Pumper" daemon [_thread_in_native, id=11096, stack(0x0000000019b30000,0x0000000019c30000)]
  0x0000000016003000 JavaThread "Exec Default Executor" daemon [_thread_in_native, id=3408, stack(0x0000000019430000,0x0000000019530000)]
  0x0000000016009000 JavaThread "Exec Stream Pumper" daemon [_thread_in_native, id=11656, stack(0x0000000019930000,0x0000000019a30000)]
  0x0000000016006800 JavaThread "Exec Stream Pumper" daemon [_thread_in_native, id=11668, stack(0x0000000019830000,0x0000000019930000)]
  0x0000000016886800 JavaThread "Exec Default Executor" daemon [_thread_in_native, id=11568, stack(0x0000000019130000,0x0000000019230000)]
  0x0000000016886000 JavaThread "Exec Stream Pumper" daemon [_thread_in_native, id=1908, stack(0x0000000019630000,0x0000000019730000)]
  0x0000000016881800 JavaThread "Exec Stream Pumper" daemon [_thread_in_native, id=10904, stack(0x0000000019530000,0x0000000019630000)]
  0x0000000016885000 JavaThread "Exec Default Executor" daemon [_thread_in_native, id=9172, stack(0x0000000018d30000,0x0000000018e30000)]
  0x0000000016880800 JavaThread "Exec Stream Pumper" daemon [_thread_in_native, id=9380, stack(0x0000000019330000,0x0000000019430000)]
  0x0000000016882000 JavaThread "Exec Stream Pumper" daemon [_thread_in_native, id=328, stack(0x0000000019230000,0x0000000019330000)]
  0x0000000016883800 JavaThread "Exec Default Executor" daemon [_thread_in_native, id=5216, stack(0x0000000017760000,0x0000000017860000)]
  0x0000000016883000 JavaThread "Exec Stream Pumper" daemon [_thread_in_native, id=11252, stack(0x0000000019030000,0x0000000019130000)]
  0x0000000016887800 JavaThread "Exec Stream Pumper" daemon [_thread_in_native, id=1164, stack(0x0000000018e30000,0x0000000018f30000)]
  0x0000000016884800 JavaThread "Exec Default Executor" daemon [_thread_in_native, id=4644, stack(0x0000000016e60000,0x0000000016f60000)]
  0x000000001614c000 JavaThread "Exec Stream Pumper" daemon [_thread_in_native, id=4492, stack(0x0000000018c30000,0x0000000018d30000)]
  0x0000000016b0a000 JavaThread "Exec Stream Pumper" daemon [_thread_in_native, id=11064, stack(0x0000000017b60000,0x0000000017c60000)]
  0x00000000169e5800 JavaThread "Exec Default Executor" daemon [_thread_in_native, id=1784, stack(0x00000000009e0000,0x0000000000ae0000)]
  0x000000001687f800 JavaThread "Exec Stream Pumper" daemon [_thread_in_native, id=11144, stack(0x0000000017460000,0x0000000017560000)]
  0x0000000017d7c000 JavaThread "Exec Stream Pumper" daemon [_thread_in_native, id=10820, stack(0x0000000017160000,0x0000000017260000)]
  0x0000000015eee800 JavaThread "Exec Default Executor" daemon [_thread_in_native, id=3232, stack(0x00000000008e0000,0x00000000009e0000)]
  0x0000000016a44000 JavaThread "Okio Watchdog" daemon [_thread_blocked, id=9088, stack(0x0000000017860000,0x0000000017960000)]
  0x000000001678c000 JavaThread "Exec Stream Pumper" daemon [_thread_in_native, id=552, stack(0x0000000017360000,0x0000000017460000)]
  0x00000000166f4000 JavaThread "Exec Stream Pumper" daemon [_thread_in_native, id=8020, stack(0x0000000017260000,0x0000000017360000)]
  0x0000000016794000 JavaThread "Exec Default Executor" daemon [_thread_in_native, id=6056, stack(0x0000000016d60000,0x0000000016e60000)]
  0x0000000014a55800 JavaThread "Service Thread" daemon [_thread_blocked, id=4708, stack(0x0000000015c20000,0x0000000015d20000)]
  0x00000000149e1800 JavaThread "C1 CompilerThread1" daemon [_thread_blocked, id=7524, stack(0x0000000015b20000,0x0000000015c20000)]
=>0x00000000149db000 JavaThread "C2 CompilerThread0" daemon [_thread_in_native, id=8572, stack(0x0000000015a20000,0x0000000015b20000)]
  0x00000000149d8800 JavaThread "Attach Listener" daemon [_thread_blocked, id=4120, stack(0x0000000015920000,0x0000000015a20000)]
  0x000000000263d800 JavaThread "Signal Dispatcher" daemon [_thread_blocked, id=9116, stack(0x0000000015820000,0x0000000015920000)]
  0x00000000149c8800 JavaThread "Finalizer" daemon [_thread_blocked, id=6404, stack(0x0000000015620000,0x0000000015720000)]
  0x000000000262f800 JavaThread "Reference Handler" daemon [_thread_blocked, id=8788, stack(0x0000000015520000,0x0000000015620000)]
  0x000000000243e000 JavaThread "main" [_thread_blocked, id=4328, stack(0x0000000002440000,0x0000000002540000)]

Other Threads:
  0x00000000149a5800 VMThread [stack: 0x0000000015420000,0x0000000015520000] [id=7596]
  0x0000000014a58800 WatcherThread [stack: 0x0000000015d20000,0x0000000015e20000] [id=8072]

VM state:not at safepoint (normal execution)

VM Mutex/Monitor currently owned by a thread: None

Heap:
 PSYoungGen      total 18944K, used 10098K [0x00000000eb380000, 0x00000000ec900000, 0x0000000100000000)
  eden space 15872K, 61% used [0x00000000eb380000,0x00000000ebd042e0,0x00000000ec300000)
  from space 3072K, 11% used [0x00000000ec600000,0x00000000ec6588e0,0x00000000ec900000)
  to   space 3072K, 0% used [0x00000000ec300000,0x00000000ec300000,0x00000000ec600000)
 ParOldGen       total 44032K, used 12602K [0x00000000c1a00000, 0x00000000c4500000, 0x00000000eb380000)
  object space 44032K, 28% used [0x00000000c1a00000,0x00000000c264e850,0x00000000c4500000)
 Metaspace       used 15813K, capacity 16586K, committed 16640K, reserved 1064960K
  class space    used 1831K, capacity 2045K, committed 2048K, reserved 1048576K

Card table byte_map: [0x0000000011a00000,0x0000000011c00000] byte_map_base: 0x00000000113f3000

Marking Bits: (ParMarkBitMap*) 0x0000000054c82d00
 Begin Bits: [0x0000000011f50000, 0x0000000012ee8000)
 End Bits:   [0x0000000012ee8000, 0x0000000013e80000)

Polling page: 0x0000000002280000

CodeCache: size=245760Kb used=10413Kb max_used=10416Kb free=235346Kb
 bounds [0x0000000002640000, 0x0000000003090000, 0x0000000011640000]
 total_blobs=3525 nmethods=3115 adapters=323
 compilation: enabled

Compilation events (10 events):
Event: 60200.302 Thread 0x00000000149e1800 nmethod 3851 0x000000000306f350 code [0x0000000003070300, 0x000000000307c9e8]
Event: 60200.310 Thread 0x00000000149e1800 3853       3       org.openqa.selenium.json.JsonTypeCoercer$$Lambda$40/1022308509::get (8 bytes)
Event: 60200.310 Thread 0x00000000149e1800 nmethod 3853 0x0000000002d40cd0 code [0x0000000002d40e40, 0x0000000002d41170]
Event: 60200.310 Thread 0x00000000149e1800 3852  s    3       sun.net.www.MessageHeader::getValue (21 bytes)
Event: 60200.310 Thread 0x00000000149e1800 nmethod 3852 0x0000000002e0eb10 code [0x0000000002e0ec80, 0x0000000002e0f030]
Event: 60222.989 Thread 0x00000000149db000 3854       4       org.openqa.selenium.json.JsonInput::endObject (66 bytes)
Event: 60223.224 Thread 0x00000000149db000 nmethod 3854 0x0000000002dbf510 code [0x0000000002dbf860, 0x0000000002dc0020]
Event: 60227.862 Thread 0x00000000149e1800 3855       3       okio.Buffer::writableSegment (92 bytes)
Event: 60227.876 Thread 0x00000000149e1800 nmethod 3855 0x0000000002d93d10 code [0x0000000002d93ec0, 0x0000000002d94408]
Event: 60230.599 Thread 0x00000000149db000 3856   !   4       sun.net.spi.DefaultProxySelector$3::run (575 bytes)

GC Heap History (10 events):
Event: 47266.737 GC heap before
{Heap before GC invocations=26 (full 0):
 PSYoungGen      total 16384K, used 16274K [0x00000000eb380000, 0x00000000eca00000, 0x0000000100000000)
  eden space 15872K, 100% used [0x00000000eb380000,0x00000000ec300000,0x00000000ec300000)
  from space 512K, 78% used [0x00000000ec300000,0x00000000ec364b20,0x00000000ec380000)
  to   space 3584K, 0% used [0x00000000ec680000,0x00000000ec680000,0x00000000eca00000)
 ParOldGen       total 44032K, used 11697K [0x00000000c1a00000, 0x00000000c4500000, 0x00000000eb380000)
  object space 44032K, 26% used [0x00000000c1a00000,0x00000000c256c580,0x00000000c4500000)
 Metaspace       used 15707K, capacity 16450K, committed 16640K, reserved 1064960K
  class space    used 1828K, capacity 2045K, committed 2048K, reserved 1048576K
Event: 47267.188 GC heap after
Heap after GC invocations=26 (full 0):
 PSYoungGen      total 19456K, used 402K [0x00000000eb380000, 0x00000000eca00000, 0x0000000100000000)
  eden space 15872K, 0% used [0x00000000eb380000,0x00000000eb380000,0x00000000ec300000)
  from space 3584K, 11% used [0x00000000ec680000,0x00000000ec6e4b20,0x00000000eca00000)
  to   space 3584K, 0% used [0x00000000ec300000,0x00000000ec300000,0x00000000ec680000)
 ParOldGen       total 44032K, used 11881K [0x00000000c1a00000, 0x00000000c4500000, 0x00000000eb380000)
  object space 44032K, 26% used [0x00000000c1a00000,0x00000000c259a610,0x00000000c4500000)
 Metaspace       used 15707K, capacity 16450K, committed 16640K, reserved 1064960K
  class space    used 1828K, capacity 2045K, committed 2048K, reserved 1048576K
}
Event: 50033.751 GC heap before
{Heap before GC invocations=27 (full 0):
 PSYoungGen      total 19456K, used 16274K [0x00000000eb380000, 0x00000000eca00000, 0x0000000100000000)
  eden space 15872K, 100% used [0x00000000eb380000,0x00000000ec300000,0x00000000ec300000)
  from space 3584K, 11% used [0x00000000ec680000,0x00000000ec6e4b20,0x00000000eca00000)
  to   space 3584K, 0% used [0x00000000ec300000,0x00000000ec300000,0x00000000ec680000)
 ParOldGen       total 44032K, used 11881K [0x00000000c1a00000, 0x00000000c4500000, 0x00000000eb380000)
  object space 44032K, 26% used [0x00000000c1a00000,0x00000000c259a610,0x00000000c4500000)
 Metaspace       used 15709K, capacity 16450K, committed 16640K, reserved 1064960K
  class space    used 1828K, capacity 2045K, committed 2048K, reserved 1048576K
Event: 50034.340 GC heap after
Heap after GC invocations=27 (full 0):
 PSYoungGen      total 19456K, used 402K [0x00000000eb380000, 0x00000000eca00000, 0x0000000100000000)
  eden space 15872K, 0% used [0x00000000eb380000,0x00000000eb380000,0x00000000ec300000)
  from space 3584K, 11% used [0x00000000ec300000,0x00000000ec364b20,0x00000000ec680000)
  to   space 3584K, 0% used [0x00000000ec680000,0x00000000ec680000,0x00000000eca00000)
 ParOldGen       total 44032K, used 12065K [0x00000000c1a00000, 0x00000000c4500000, 0x00000000eb380000)
  object space 44032K, 27% used [0x00000000c1a00000,0x00000000c25c86a0,0x00000000c4500000)
 Metaspace       used 15709K, capacity 16450K, committed 16640K, reserved 1064960K
  class space    used 1828K, capacity 2045K, committed 2048K, reserved 1048576K
}
Event: 52800.033 GC heap before
{Heap before GC invocations=28 (full 0):
 PSYoungGen      total 19456K, used 16274K [0x00000000eb380000, 0x00000000eca00000, 0x0000000100000000)
  eden space 15872K, 100% used [0x00000000eb380000,0x00000000ec300000,0x00000000ec300000)
  from space 3584K, 11% used [0x00000000ec300000,0x00000000ec364b20,0x00000000ec680000)
  to   space 3584K, 0% used [0x00000000ec680000,0x00000000ec680000,0x00000000eca00000)
 ParOldGen       total 44032K, used 12065K [0x00000000c1a00000, 0x00000000c4500000, 0x00000000eb380000)
  object space 44032K, 27% used [0x00000000c1a00000,0x00000000c25c86a0,0x00000000c4500000)
 Metaspace       used 15714K, capacity 16450K, committed 16640K, reserved 1064960K
  class space    used 1829K, capacity 2045K, committed 2048K, reserved 1048576K
Event: 52800.144 GC heap after
Heap after GC invocations=28 (full 0):
 PSYoungGen      total 18432K, used 402K [0x00000000eb380000, 0x00000000ec900000, 0x0000000100000000)
  eden space 15872K, 0% used [0x00000000eb380000,0x00000000eb380000,0x00000000ec300000)
  from space 2560K, 15% used [0x00000000ec680000,0x00000000ec6e4b20,0x00000000ec900000)
  to   space 3072K, 0% used [0x00000000ec300000,0x00000000ec300000,0x00000000ec600000)
 ParOldGen       total 44032K, used 12249K [0x00000000c1a00000, 0x00000000c4500000, 0x00000000eb380000)
  object space 44032K, 27% used [0x00000000c1a00000,0x00000000c25f6730,0x00000000c4500000)
 Metaspace       used 15714K, capacity 16450K, committed 16640K, reserved 1064960K
  class space    used 1829K, capacity 2045K, committed 2048K, reserved 1048576K
}
Event: 55559.051 GC heap before
{Heap before GC invocations=29 (full 0):
 PSYoungGen      total 18432K, used 16274K [0x00000000eb380000, 0x00000000ec900000, 0x0000000100000000)
  eden space 15872K, 100% used [0x00000000eb380000,0x00000000ec300000,0x00000000ec300000)
  from space 2560K, 15% used [0x00000000ec680000,0x00000000ec6e4b20,0x00000000ec900000)
  to   space 3072K, 0% used [0x00000000ec300000,0x00000000ec300000,0x00000000ec600000)
 ParOldGen       total 44032K, used 12249K [0x00000000c1a00000, 0x00000000c4500000, 0x00000000eb380000)
  object space 44032K, 27% used [0x00000000c1a00000,0x00000000c25f6730,0x00000000c4500000)
 Metaspace       used 15723K, capacity 16514K, committed 16640K, reserved 1064960K
  class space    used 1829K, capacity 2045K, committed 2048K, reserved 1048576K
Event: 55559.280 GC heap after
Heap after GC invocations=29 (full 0):
 PSYoungGen      total 18944K, used 402K [0x00000000eb380000, 0x00000000ec900000, 0x0000000100000000)
  eden space 15872K, 0% used [0x00000000eb380000,0x00000000eb380000,0x00000000ec300000)
  from space 3072K, 13% used [0x00000000ec300000,0x00000000ec364b20,0x00000000ec600000)
  to   space 3072K, 0% used [0x00000000ec600000,0x00000000ec600000,0x00000000ec900000)
 ParOldGen       total 44032K, used 12433K [0x00000000c1a00000, 0x00000000c4500000, 0x00000000eb380000)
  object space 44032K, 28% used [0x00000000c1a00000,0x00000000c26247c0,0x00000000c4500000)
 Metaspace       used 15723K, capacity 16514K, committed 16640K, reserved 1064960K
  class space    used 1829K, capacity 2045K, committed 2048K, reserved 1048576K
}
Event: 58368.960 GC heap before
{Heap before GC invocations=30 (full 0):
 PSYoungGen      total 18944K, used 16274K [0x00000000eb380000, 0x00000000ec900000, 0x0000000100000000)
  eden space 15872K, 100% used [0x00000000eb380000,0x00000000ec300000,0x00000000ec300000)
  from space 3072K, 13% used [0x00000000ec300000,0x00000000ec364b20,0x00000000ec600000)
  to   space 3072K, 0% used [0x00000000ec600000,0x00000000ec600000,0x00000000ec900000)
 ParOldGen       total 44032K, used 12433K [0x00000000c1a00000, 0x00000000c4500000, 0x00000000eb380000)
  object space 44032K, 28% used [0x00000000c1a00000,0x00000000c26247c0,0x00000000c4500000)
 Metaspace       used 15771K, capacity 16518K, committed 16640K, reserved 1064960K
  class space    used 1831K, capacity 2045K, committed 2048K, reserved 1048576K
Event: 58369.209 GC heap after
Heap after GC invocations=30 (full 0):
 PSYoungGen      total 18944K, used 354K [0x00000000eb380000, 0x00000000ec900000, 0x0000000100000000)
  eden space 15872K, 0% used [0x00000000eb380000,0x00000000eb380000,0x00000000ec300000)
  from space 3072K, 11% used [0x00000000ec600000,0x00000000ec6588e0,0x00000000ec900000)
  to   space 3072K, 0% used [0x00000000ec300000,0x00000000ec300000,0x00000000ec600000)
 ParOldGen       total 44032K, used 12602K [0x00000000c1a00000, 0x00000000c4500000, 0x00000000eb380000)
  object space 44032K, 28% used [0x00000000c1a00000,0x00000000c264e850,0x00000000c4500000)
 Metaspace       used 15771K, capacity 16518K, committed 16640K, reserved 1064960K
  class space    used 1831K, capacity 2045K, committed 2048K, reserved 1048576K
}

Deoptimization events (10 events):
Event: 28042.496 Thread 0x000000000243e000 Uncommon trap: reason=predicate action=maybe_recompile pc=0x0000000002fafe80 method=com.google.common.collect.RegularImmutableMap.fromEntryArray(I[Ljava/util/Map$Entry;)Lcom/google/common/collect/ImmutableMap; @ 62
Event: 28944.179 Thread 0x000000000243e000 Uncommon trap: reason=array_check action=maybe_recompile pc=0x0000000002faea4c method=com.google.common.collect.RegularImmutableMap.fromEntryArray(I[Ljava/util/Map$Entry;)Lcom/google/common/collect/ImmutableMap; @ 157
Event: 28944.184 Thread 0x000000000243e000 Uncommon trap: reason=array_check action=maybe_recompile pc=0x0000000002faea4c method=com.google.common.collect.RegularImmutableMap.fromEntryArray(I[Ljava/util/Map$Entry;)Lcom/google/common/collect/ImmutableMap; @ 157
Event: 28944.185 Thread 0x000000000243e000 Uncommon trap: reason=array_check action=maybe_recompile pc=0x0000000002faea4c method=com.google.common.collect.RegularImmutableMap.fromEntryArray(I[Ljava/util/Map$Entry;)Lcom/google/common/collect/ImmutableMap; @ 157
Event: 28944.185 Thread 0x000000000243e000 Uncommon trap: reason=array_check action=maybe_recompile pc=0x0000000002faea4c method=com.google.common.collect.RegularImmutableMap.fromEntryArray(I[Ljava/util/Map$Entry;)Lcom/google/common/collect/ImmutableMap; @ 157
Event: 37172.113 Thread 0x000000000243e000 Uncommon trap: reason=range_check action=make_not_entrant pc=0x00000000027f63ac method=java.lang.String.charAt(I)C @ 27
Event: 57437.367 Thread 0x0000000018308800 Uncommon trap: reason=unstable_if action=reinterpret pc=0x0000000002b25abc method=java.io.BufferedInputStream.read1([BII)I @ 60
Event: 57437.459 Thread 0x000000000243e000 Uncommon trap: reason=unstable_if action=reinterpret pc=0x00000000029df834 method=java.net.AbstractPlainSocketImpl.isConnectionReset()Z @ 15
Event: 57437.459 Thread 0x000000000243e000 Uncommon trap: reason=unloaded action=reinterpret pc=0x0000000002c89558 method=java.net.SocketInputStream.read([BIII)I @ 311
Event: 58362.321 Thread 0x000000000243e000 Uncommon trap: reason=unstable_if action=reinterpret pc=0x000000000275d884 method=okio.SegmentPool.take()Lokio/Segment; @ 8

Classes redefined (0 events):
No events

Internal exceptions (10 events):
Event: 60229.934 Thread 0x000000000243e000 Exception <a 'java/net/SocketTimeoutException': Read timed out> (0x00000000ebc3f400) thrown at [C:\re\workspace\8-2-build-windows-amd64-cygwin\jdk8u181\11358\hotspot\src\share\vm\prims\jni.cpp, line 735]
Event: 60229.984 Thread 0x000000000243e000 Exception <a 'java/net/SocketTimeoutException': Read timed out> (0x00000000ebc52780) thrown at [C:\re\workspace\8-2-build-windows-amd64-cygwin\jdk8u181\11358\hotspot\src\share\vm\prims\jni.cpp, line 735]
Event: 60230.064 Thread 0x000000000243e000 Exception <a 'java/net/SocketTimeoutException': Read timed out> (0x00000000ebc65b00) thrown at [C:\re\workspace\8-2-build-windows-amd64-cygwin\jdk8u181\11358\hotspot\src\share\vm\prims\jni.cpp, line 735]
Event: 60230.132 Thread 0x000000000243e000 Exception <a 'java/net/SocketTimeoutException': Read timed out> (0x00000000ebc79c80) thrown at [C:\re\workspace\8-2-build-windows-amd64-cygwin\jdk8u181\11358\hotspot\src\share\vm\prims\jni.cpp, line 735]
Event: 60230.174 Thread 0x000000000243e000 Exception <a 'java/net/SocketTimeoutException': Read timed out> (0x00000000ebc8d000) thrown at [C:\re\workspace\8-2-build-windows-amd64-cygwin\jdk8u181\11358\hotspot\src\share\vm\prims\jni.cpp, line 735]
Event: 60230.276 Thread 0x000000000243e000 Exception <a 'java/net/SocketTimeoutException': Read timed out> (0x00000000ebca0380) thrown at [C:\re\workspace\8-2-build-windows-amd64-cygwin\jdk8u181\11358\hotspot\src\share\vm\prims\jni.cpp, line 735]
Event: 60230.401 Thread 0x000000000243e000 Exception <a 'java/net/SocketTimeoutException': Read timed out> (0x00000000ebcb3700) thrown at [C:\re\workspace\8-2-build-windows-amd64-cygwin\jdk8u181\11358\hotspot\src\share\vm\prims\jni.cpp, line 735]
Event: 60230.453 Thread 0x000000000243e000 Exception <a 'java/net/SocketTimeoutException': Read timed out> (0x00000000ebcc7880) thrown at [C:\re\workspace\8-2-build-windows-amd64-cygwin\jdk8u181\11358\hotspot\src\share\vm\prims\jni.cpp, line 735]
Event: 60230.554 Thread 0x000000000243e000 Exception <a 'java/net/SocketTimeoutException': Read timed out> (0x00000000ebcdac00) thrown at [C:\re\workspace\8-2-build-windows-amd64-cygwin\jdk8u181\11358\hotspot\src\share\vm\prims\jni.cpp, line 735]
Event: 60230.600 Thread 0x000000000243e000 Exception <a 'java/net/UnknownHostException': www.a.ubuy.com.kw> (0x00000000ebceb0a0) thrown at [C:\re\workspace\8-2-build-windows-amd64-cygwin\jdk8u181\11358\hotspot\src\share\vm\prims\jni.cpp, line 735]

Events (10 events):
Event: 60198.565 Thread 0x000000001830d000 Thread added: 0x000000001830d000
Event: 60200.147 Thread 0x0000000018307000 Thread added: 0x0000000018307000
Event: 60200.206 Thread 0x0000000018309800 Thread added: 0x0000000018309800
Event: 60205.148 Executing VM operation: RevokeBias
Event: 60205.149 Executing VM operation: RevokeBias done
Event: 60205.149 Executing VM operation: RevokeBias
Event: 60205.149 Executing VM operation: RevokeBias done
Event: 60205.149 Thread 0x0000000018307000 Thread exited: 0x0000000018307000
Event: 60219.618 Executing VM operation: RevokeBias
Event: 60219.618 Executing VM operation: RevokeBias done


Dynamic libraries:
0x00007ff60df80000 - 0x00007ff60dfb7000 	C:\Program Files\Java\jre1.8.0_181\bin\javaw.exe
0x00007ffce6940000 - 0x00007ffce6b30000 	C:\WINDOWS\SYSTEM32\ntdll.dll
0x00007ffce5c90000 - 0x00007ffce5d42000 	C:\WINDOWS\System32\KERNEL32.DLL
0x00007ffce4450000 - 0x00007ffce46f3000 	C:\WINDOWS\System32\KERNELBASE.dll
0x00007ffce4dd0000 - 0x00007ffce4e73000 	C:\WINDOWS\System32\ADVAPI32.dll
0x00007ffce5e60000 - 0x00007ffce5efe000 	C:\WINDOWS\System32\msvcrt.dll
0x00007ffce49f0000 - 0x00007ffce4a87000 	C:\WINDOWS\System32\sechost.dll
0x00007ffce5810000 - 0x00007ffce5930000 	C:\WINDOWS\System32\RPCRT4.dll
0x00007ffce5650000 - 0x00007ffce57e4000 	C:\WINDOWS\System32\USER32.dll
0x00007ffce3ca0000 - 0x00007ffce3cc1000 	C:\WINDOWS\System32\win32u.dll
0x00007ffce5d50000 - 0x00007ffce5d76000 	C:\WINDOWS\System32\GDI32.dll
0x00007ffce4830000 - 0x00007ffce49c4000 	C:\WINDOWS\System32\gdi32full.dll
0x00007ffce4700000 - 0x00007ffce479e000 	C:\WINDOWS\System32\msvcp_win.dll
0x00007ffce38d0000 - 0x00007ffce39ca000 	C:\WINDOWS\System32\ucrtbase.dll
0x00007ffcc2190000 - 0x00007ffcc2415000 	C:\WINDOWS\WinSxS\amd64_microsoft.windows.common-controls_6595b64144ccf1df_6.0.18362.657_none_e6c5b579130e3898\COMCTL32.dll
0x00007ffce4a90000 - 0x00007ffce4dc6000 	C:\WINDOWS\System32\combase.dll
0x00007ffce3c20000 - 0x00007ffce3ca0000 	C:\WINDOWS\System32\bcryptPrimitives.dll
0x00007ffce59e0000 - 0x00007ffce5a0e000 	C:\WINDOWS\System32\IMM32.DLL
0x0000000054350000 - 0x0000000054422000 	C:\Program Files\Java\jre1.8.0_181\bin\msvcr100.dll
0x0000000054460000 - 0x0000000054d02000 	C:\Program Files\Java\jre1.8.0_181\bin\server\jvm.dll
0x00007ffce60c0000 - 0x00007ffce60c8000 	C:\WINDOWS\System32\PSAPI.DLL
0x00007ffcd13e0000 - 0x00007ffcd13e9000 	C:\WINDOWS\SYSTEM32\WSOCK32.dll
0x00007ffce55e0000 - 0x00007ffce564f000 	C:\WINDOWS\System32\WS2_32.dll
0x00007ffcdff00000 - 0x00007ffcdff0a000 	C:\WINDOWS\SYSTEM32\VERSION.dll
0x00007ffcdb6a0000 - 0x00007ffcdb6c4000 	C:\WINDOWS\SYSTEM32\WINMM.dll
0x00007ffcdb670000 - 0x00007ffcdb69d000 	C:\WINDOWS\SYSTEM32\WINMMBASE.dll
0x00007ffce3bd0000 - 0x00007ffce3c1a000 	C:\WINDOWS\System32\cfgmgr32.dll
0x0000000055660000 - 0x000000005566f000 	C:\Program Files\Java\jre1.8.0_181\bin\verify.dll
0x0000000055170000 - 0x0000000055199000 	C:\Program Files\Java\jre1.8.0_181\bin\java.dll
0x0000000055150000 - 0x0000000055166000 	C:\Program Files\Java\jre1.8.0_181\bin\zip.dll
0x00007ffce60d0000 - 0x00007ffce67b5000 	C:\WINDOWS\System32\SHELL32.dll
0x00007ffce67c0000 - 0x00007ffce6869000 	C:\WINDOWS\System32\shcore.dll
0x00007ffce3cd0000 - 0x00007ffce444f000 	C:\WINDOWS\System32\windows.storage.dll
0x00007ffce3890000 - 0x00007ffce38af000 	C:\WINDOWS\System32\profapi.dll
0x00007ffce3840000 - 0x00007ffce388a000 	C:\WINDOWS\System32\powrprof.dll
0x00007ffce3810000 - 0x00007ffce3820000 	C:\WINDOWS\System32\UMPDC.dll
0x00007ffce5f00000 - 0x00007ffce5f52000 	C:\WINDOWS\System32\shlwapi.dll
0x00007ffce3820000 - 0x00007ffce3831000 	C:\WINDOWS\System32\kernel.appcore.dll
0x00007ffce49d0000 - 0x00007ffce49e7000 	C:\WINDOWS\System32\cryptsp.dll
0x0000000055130000 - 0x000000005514a000 	C:\Program Files\Java\jre1.8.0_181\bin\net.dll
0x00007ffce3020000 - 0x00007ffce3087000 	C:\WINDOWS\system32\mswsock.dll
0x00007ffce2dc0000 - 0x00007ffce2e8a000 	C:\WINDOWS\SYSTEM32\DNSAPI.dll
0x00007ffce68f0000 - 0x00007ffce68f8000 	C:\WINDOWS\System32\NSI.dll
0x00007ffce2d30000 - 0x00007ffce2d6a000 	C:\WINDOWS\SYSTEM32\IPHLPAPI.DLL
0x00007ffcdda20000 - 0x00007ffcdda2a000 	C:\Windows\System32\rasadhlp.dll
0x00007ffcdeef0000 - 0x00007ffcdef67000 	C:\WINDOWS\System32\fwpuclnt.dll
0x00007ffce47a0000 - 0x00007ffce47c6000 	C:\WINDOWS\System32\bcrypt.dll
0x0000000054430000 - 0x0000000054454000 	C:\Program Files\Java\jre1.8.0_181\bin\sunec.dll
0x0000000055650000 - 0x000000005565b000 	C:\Program Files\Java\jre1.8.0_181\bin\sunmscapi.dll
0x00007ffce39d0000 - 0x00007ffce3b19000 	C:\WINDOWS\System32\CRYPT32.dll
0x00007ffce38b0000 - 0x00007ffce38c2000 	C:\WINDOWS\System32\MSASN1.dll
0x00007ffcdf090000 - 0x00007ffcdf0a6000 	C:\WINDOWS\SYSTEM32\dhcpcsvc6.DLL
0x00007ffcdf140000 - 0x00007ffcdf15c000 	C:\WINDOWS\SYSTEM32\dhcpcsvc.DLL
0x0000000055110000 - 0x0000000055121000 	C:\Program Files\Java\jre1.8.0_181\bin\nio.dll
0x00007ffce2b90000 - 0x00007ffce2bc3000 	C:\WINDOWS\system32\rsaenh.dll
0x00007ffce3730000 - 0x00007ffce3755000 	C:\WINDOWS\SYSTEM32\USERENV.dll
0x00007ffce31f0000 - 0x00007ffce31fc000 	C:\WINDOWS\SYSTEM32\CRYPTBASE.dll
0x00007ffcc2de0000 - 0x00007ffcc2df6000 	C:\WINDOWS\system32\napinsp.dll
0x00007ffcc2dc0000 - 0x00007ffcc2dda000 	C:\WINDOWS\system32\pnrpnsp.dll
0x00007ffcd5170000 - 0x00007ffcd517e000 	C:\WINDOWS\System32\winrnr.dll
0x00007ffcdf480000 - 0x00007ffcdf49c000 	C:\WINDOWS\system32\NLAapi.dll
0x00007ffcc2da0000 - 0x00007ffcc2db5000 	C:\WINDOWS\system32\wshbth.dll

VM Arguments:
jvm_args: -Dfile.encoding=Cp1252 
java_command: webcall.Webhit
java_class_path (initial): F:\AutomateUbuyScript\WebService\bin;E:\library\java-json.jar;E:\library\json-simple-1.1.jar;E:\library\poi-4.0.1.jar;E:\library\poi-examples-4.0.1.jar;E:\library\poi-excelant-4.0.1.jar;E:\library\poi-ooxml-4.0.1.jar;E:\library\poi-ooxml-schemas-4.0.1.jar;E:\library\poi-scratchpad-4.0.1.jar;E:\library\selenium-server-standalone-3.141.59.jar;E:\library\commons-collections4-4.3.jar;E:\library\commons-compress-1.18.jar;E:\library\xmlbeans-3.0.2.jar;E:\library\org.apache.commons.io.jar;E:\library\mail-1.4.7.jar
Launcher Type: SUN_STANDARD

Environment Variables:
PATH=C:/Program Files/Java/jre1.8.0_181/bin/server;C:/Program Files/Java/jre1.8.0_181/bin;C:/Program Files/Java/jre1.8.0_181/lib/amd64;C:\Program Files (x86)\Common Files\Oracle\Java\javapath;C:\Program Files (x86)\Intel\iCLS Client\;C:\Program Files\Intel\iCLS Client\;C:\WINDOWS\system32;C:\WINDOWS;C:\WINDOWS\System32\Wbem;C:\WINDOWS\System32\WindowsPowerShell\v1.0\;C:\Program Files (x86)\Intel\Intel(R) Management Engine Components\DAL;C:\Program Files\Intel\Intel(R) Management Engine Components\DAL;C:\Program Files (x86)\Intel\Intel(R) Management Engine Components\IPT;C:\Program Files\Intel\Intel(R) Management Engine Components\IPT;C:\Program Files (x86)\Microsoft SQL Server\100\Tools\Binn\;C:\Program Files\Microsoft SQL Server\100\Tools\Binn\;C:\Program Files\Microsoft SQL Server\100\DTS\Binn\;C:\Program Files (x86)\Microsoft SQL Server\100\Tools\Binn\VSShell\Common7\IDE\;C:\Program Files (x86)\Microsoft SQL Server\100\DTS\Binn\;C:\Program Files (x86)\Microsoft Visual Studio 9.0\Common7\IDE\PrivateAssemblies\;C:\WINDOWS\System32\OpenSSH\;C:\Users\my\AppData\Local\Microsoft\WindowsApps;;E:\EC\eclipse;
USERNAME=my
OS=Windows_NT
PROCESSOR_IDENTIFIER=Intel64 Family 6 Model 94 Stepping 3, GenuineIntel



---------------  S Y S T E M  ---------------

OS: Windows 10.0 , 64 bit Build 18362 (10.0.18362.329)

CPU:total 2 (initial active 2) (2 cores per cpu, 1 threads per core) family 6 model 94 stepping 3, cmov, cx8, fxsr, mmx, sse, sse2, sse3, ssse3, sse4.1, sse4.2, popcnt, aes, clmul, erms, 3dnowpref, lzcnt, tsc, tscinvbit

Memory: 4k page, physical 4083856k(234284k free), swap 16666768k(5040k free)

vm_info: Java HotSpot(TM) 64-Bit Server VM (25.181-b13) for windows-amd64 JRE (1.8.0_181-b13), built on Jul  7 2018 04:01:33 by "java_re" with MS VC++ 10.0 (VS2010)

time: Wed Feb 19 05:28:25 2020
elapsed time: 60231 seconds (0d 16h 43m 51s)

